[2020-01-16 00:14:51] 2个USB设备已连接。
[2020-01-16 00:14:57] 正在将40bit帧文件转换为60bit的倒序帧文件...
[2020-01-16 00:14:57] 正在将60bit的帧文件转换为.npy文件...
[2020-01-16 00:14:57] 帧文件转换完成。
[2020-01-16 00:14:57] 正在写入帧文件...
[2020-01-16 00:14:57] 已成功写入帧文件。
[2020-01-16 00:15:06] 正在将40bit帧文件转换为60bit的倒序帧文件...
[2020-01-16 00:15:06] 正在将60bit的帧文件转换为.npy文件...
[2020-01-16 00:15:06] 帧文件转换完成。
[2020-01-16 00:15:06] 正在写入帧文件...
[2020-01-16 00:15:06] 已成功写入帧文件。
[2020-01-16 00:15:17] 正在将40bit帧文件转换为60bit的倒序帧文件...
[2020-01-16 00:15:17] 正在将60bit的帧文件转换为.npy文件...
[2020-01-16 00:15:17] 帧文件转换完成。
[2020-01-16 00:15:17] 正在写入帧文件...
[2020-01-16 00:15:17] 已成功写入帧文件。
[2020-01-16 00:15:29] 正在将40bit帧文件转换为60bit的倒序帧文件...
[2020-01-16 00:15:34] 正在将60bit的帧文件转换为.npy文件...
[2020-01-16 00:15:36] 帧文件转换完成。
[2020-01-16 00:15:36] 正在写入帧文件...
[2020-01-16 00:26:18] 2个USB设备已连接。
[2020-01-16 00:26:35] 正在将40bit帧文件转换为60bit的倒序帧文件...
[2020-01-16 00:26:35] 正在将60bit的帧文件转换为.npy文件...
[2020-01-16 00:26:35] 帧文件转换完成。
[2020-01-16 00:26:35] 正在写入帧文件...
[2020-01-16 00:26:35] 已成功写入帧文件。
[2020-01-16 00:26:42] 正在将40bit帧文件转换为60bit的倒序帧文件...
[2020-01-16 00:26:42] 正在将60bit的帧文件转换为.npy文件...
[2020-01-16 00:26:42] 帧文件转换完成。
[2020-01-16 00:26:42] 正在写入帧文件...
[2020-01-16 00:26:42] 已成功写入帧文件。
[2020-01-16 00:26:51] 正在将40bit帧文件转换为60bit的倒序帧文件...
[2020-01-16 00:26:51] 正在将60bit的帧文件转换为.npy文件...
[2020-01-16 00:26:51] 帧文件转换完成。
[2020-01-16 00:26:51] 正在写入帧文件...
[2020-01-16 00:26:51] 已成功写入帧文件。
[2020-01-16 00:27:02] 正在将40bit帧文件转换为60bit的倒序帧文件...
[2020-01-16 00:27:07] 正在将60bit的帧文件转换为.npy文件...
[2020-01-16 00:27:09] 帧文件转换完成。
[2020-01-16 00:27:09] 正在写入帧文件...
[2020-01-16 00:30:10] 已成功写入帧文件。
[2020-01-16 00:31:58] 正在写入帧文件...
[2020-01-16 00:34:59] 已成功写入帧文件。
[2020-01-16 00:37:22] 正在写入帧文件...
[2020-01-16 00:40:22] 已成功写入帧文件。
[2020-01-16 00:41:58] Error: Failed to read from USB.
[2020-01-16 00:41:58] [Errno None] b'libusb0-dll:err [_usb_reap_async] reaping request failed, win error: \xd3\xc9\xd3\xda\xcf\xdf\xb3\xcc\xcd\xcb\xb3\xf6\xbb\xf2\xd3\xa6\xd3\xc3\xb3\xcc\xd0\xf2\xc7\xeb\xc7\xf3\xa3\xac\xd2\xd1\xd6\xd0\xd6\xb9 I/O \xb2\xd9\xd7\xf7\xa1\xa3\r\n\n'
[2020-01-16 00:41:58] 读出过程发生错误。
[2020-01-16 00:43:25] 2个USB设备已连接。
[2020-01-16 00:43:36] 正在将40bit帧文件转换为60bit的倒序帧文件...
[2020-01-16 00:43:36] 正在将60bit的帧文件转换为.npy文件...
[2020-01-16 00:43:36] 帧文件转换完成。
[2020-01-16 00:43:36] 正在写入帧文件...
[2020-01-16 00:43:36] 已成功写入帧文件。
[2020-01-16 00:43:44] 正在将40bit帧文件转换为60bit的倒序帧文件...
[2020-01-16 00:43:44] 正在将60bit的帧文件转换为.npy文件...
[2020-01-16 00:43:44] 帧文件转换完成。
[2020-01-16 00:43:44] 正在写入帧文件...
[2020-01-16 00:43:44] 已成功写入帧文件。
[2020-01-16 00:45:01] 正在将40bit帧文件转换为60bit的倒序帧文件...
[2020-01-16 00:45:01] 正在将60bit的帧文件转换为.npy文件...
[2020-01-16 00:45:01] 帧文件转换完成。
[2020-01-16 00:45:01] 正在写入帧文件...
[2020-01-16 00:45:01] 已成功写入帧文件。
[2020-01-16 00:45:32] 正在将40bit帧文件转换为60bit的倒序帧文件...
[2020-01-16 00:45:36] 正在将60bit的帧文件转换为.npy文件...
[2020-01-16 00:45:37] 帧文件转换完成。
[2020-01-16 00:45:37] 正在写入帧文件...
[2020-01-16 00:48:38] 已成功写入帧文件。
[2020-01-16 00:50:31] 2个USB设备已连接。
[2020-01-16 00:50:42] 正在将40bit帧文件转换为60bit的倒序帧文件...
[2020-01-16 00:50:42] 正在将60bit的帧文件转换为.npy文件...
[2020-01-16 00:50:42] 帧文件转换完成。
[2020-01-16 00:50:42] 正在写入帧文件...
[2020-01-16 00:50:42] 已成功写入帧文件。
[2020-01-16 00:51:03] 正在将40bit帧文件转换为60bit的倒序帧文件...
[2020-01-16 00:51:03] 正在将60bit的帧文件转换为.npy文件...
[2020-01-16 00:51:03] 帧文件转换完成。
[2020-01-16 00:51:03] 正在写入帧文件...
[2020-01-16 00:51:03] 已成功写入帧文件。
[2020-01-16 00:51:15] 正在将40bit帧文件转换为60bit的倒序帧文件...
[2020-01-16 00:51:15] 正在将60bit的帧文件转换为.npy文件...
[2020-01-16 00:51:15] 帧文件转换完成。
[2020-01-16 00:51:15] 正在写入帧文件...
[2020-01-16 00:51:15] 已成功写入帧文件。
[2020-01-16 00:51:25] 正在将40bit帧文件转换为60bit的倒序帧文件...
[2020-01-16 00:51:27] 正在将60bit的帧文件转换为.npy文件...
[2020-01-16 00:51:27] 帧文件转换完成。
[2020-01-16 00:51:27] 正在写入帧文件...
